- 01:13:09.094 INFO: --------------------------------------------------------
- 01:13:09.094 INFO: Started application
- 01:13:09.094 INFO: Logging to: C:\Projects\phpdesktop-tests\debug.log
- 01:13:09.094 INFO: Log level = DEBUG4
- 01:13:09.110 INFO: Starting Mongoose 3.9c web server
- 01:13:09.110 INFO: WWW directory: C:\Projects\phpdesktop-tests\_apps\Ace\www
- 01:13:09.110 INFO: Index files: index.php,index.html
- 01:13:09.110 INFO: CGI interpreter: C:\Projects\phpdesktop-tests\php\php-cgi.exe
- 01:13:10.360 INFO: CGI pattern: **.php$
- 01:13:10.391 INFO: Hide files patterns: 
- 01:13:10.391 DEBUG: The temp directory returned by OS contains unicode characters: C:\Users\RDAS~1\AppData\Local\Temp\
- 01:13:10.407 INFO: CGI environment variables set: TMP=C:\Windows\Temp,TEMP=C:\Windows\Temp,TMPDIR=C:\Windows\Temp,SERVER_NAME=127.0.0.1,PHPDESKTOP_VERSION=57.0
- 01:13:10.407 INFO: Web server url: http://127.0.0.1:64471/
- 01:13:10.407 INFO: remote_debugging_port = 56908
- 01:13:10.407 DEBUG: Command line string for the browser process: "C:\Projects\phpdesktop-tests\phpdesktop-chrome.exe" --no-sandbox --lang=en-US --log-file="C:\Projects\phpdesktop-tests\debug.log" --remote-debugging-port=56908
- 01:13:11.625 DEBUG: App::OnContextInitialized()
- 01:13:11.625 DEBUG: Window max width/height = 1200/823
- 01:13:11.625 DEBUG: GetBrowserWindow(): not found, hwnd = 852460
- 01:13:11.625 DEBUG: WindowProc(): event WM_GETMINMAXINFO: could not fetch BrowserWindow
- 01:13:11.641 DEBUG: BrowserWindow::CreateBrowserControl()
- 01:13:11.641 DEBUG: StoreBrowserWindow(): hwnd = 852460
- 01:13:11.985 DEBUG: ClientHandler::OnAfterCreated()
- 01:13:11.985 DEBUG: SetCefBrowser() called in ClientHandler::OnAfterCreated()
- 01:13:11.016 DEBUG: OnLoadingStateChange: loading=1, url=
- 01:13:11.000 DEBUG: Command line string for the gpu-process process: "C:\Projects\phpdesktop-tests\phpdesktop-chrome.exe" --type=gpu-process --no-sandbox --lang=en-US --log-file="C:\Projects\phpdesktop-tests\debug.log" --disable-direct-composition --supports-dual-gpus=false --gpu-driver-bug-workarounds=7,10,18,19,20,23,41,74 --disable-gl-extensions="GL_KHR_blend_equation_advanced GL_KHR_blend_equation_advanced_coherent" --gpu-vendor-id=0x80ee --gpu-device-id=0xbeef --gpu-driver-vendor="Oracle Corporation" --gpu-driver-version=5.2.4.0 --gpu-driver-date=12-18-2017 --lang=en-US --log-file="C:\Projects\phpdesktop-tests\debug.log" --service-request-channel-token=7D2E8310EA65902393DD2FA29E267CBB --mojo-platform-channel-handle=1500 /prefetch:2
- 01:13:12.016 DEBUG: Command line string for the renderer process: "C:\Projects\phpdesktop-tests\phpdesktop-chrome.exe" --type=renderer --no-sandbox --primordial-pipe-token=E8C088446BE377C69E751AF8E28B2134 --lang=en-US --lang=en-US --log-file="C:\Projects\phpdesktop-tests\debug.log" --enable-pinch --device-scale-factor=1 --num-raster-threads=1 --content-image-texture-target=0,0,3553;0,1,3553;0,2,3553;0,3,3553;0,4,3553;0,5,3553;0,6,3553;0,7,3553;0,8,3553;0,9,3553;0,10,3553;0,11,3553;0,12,3553;0,13,3553;0,14,3553;0,15,3553;1,0,3553;1,1,3553;1,2,3553;1,3,3553;1,4,3553;1,5,3553;1,6,3553;1,7,3553;1,8,3553;1,9,3553;1,10,3553;1,11,3553;1,12,3553;1,13,3553;1,14,3553;1,15,3553;2,0,3553;2,1,3553;2,2,3553;2,3,3553;2,4,3553;2,5,3553;2,6,3553;2,7,3553;2,8,3553;2,9,3553;2,10,3553;2,11,3553;2,12,3553;2,13,3553;2,14,3553;2,15,3553;3,0,3553;3,1,3553;3,2,3553;3,3,3553;3,4,3553;3,5,3553;3,6,3553;3,7,3553;3,8,3553;3,9,3553;3,10,3553;3,11,3553;3,12,3553;3,13,3553;3,14,3553;3,15,3553 --service-request-channel-token=E8C088446BE377C69E751AF8E28B2134 --renderer-client-id=3 --mojo-platform-channel-handle=1800 /prefetch:1
- 01:13:12.047 DEBUG: OnBrowserCreated()
[0105/011313.081:ERROR:angle_platform_impl.cc(33)] ANGLE Display::initialize error 0: No available renderers.
[0105/011313.082:ERROR:gl_surface_egl.cc(676)] eglInitialize D3D11 failed with error EGL_NOT_INITIALIZED, trying next display type
[0105/011313.200:ERROR:child_thread_impl.cc(762)] Request for unknown Channel-associated interface: ui::mojom::GpuMain
- 01:13:13.141 INFO: GET 200 /
- 01:13:13.172 DEBUG: OnLoadingStateChange: loading=0, url=http://127.0.0.1:64471/
- 01:13:17.782 DEBUG: WM_DESTROY
- 01:13:17.782 DEBUG: RemoveBrowserWindow(): hwnd = 852460
- 01:13:17.782 INFO: Stopping Mongoose web server
- 01:13:17.782 DEBUG: Mongoose webserver stopped immediately
- 01:13:17.844 DEBUG: OnBeforeClose() hwnd=852974
- 01:13:17.844 DEBUG: RemoveBrowserWindow(): hwnd = 852974
- 01:13:17.844 DEBUG: GetBrowserWindow(): not found, hwnd = 852974
- 01:13:17.844 WARNING: RemoveBrowserWindow() failed: GetBrowserWindow() failed
- 01:13:17.860 DEBUG: Calling CefQuitMessageLoop()
- 01:13:18.454 INFO: Ended application
- 01:13:18.454 INFO: --------------------------------------------------------
